<?xml version="1.0" encoding="UTF-8"?>
  <testsuites tests="3" disabled="0" errors="0" failures="0" time="0.015404292">
      <testsuite name="Collaboration Service Suite" package="/Users/delarian/dev/ginkgo-example-document-collaboration/test" tests="3" disabled="0" skipped="0" errors="0" failures="0" time="0.015404292" timestamp="2024-10-27T12:11:24">
          <properties>
              <property name="SuiteSucceeded" value="true"></property>
              <property name="SuiteHasProgrammaticFocus" value="false"></property>
              <property name="SpecialSuiteFailureReason" value=""></property>
              <property name="SuiteLabels" value="[]"></property>
              <property name="RandomSeed" value="1730027482"></property>
              <property name="RandomizeAllSpecs" value="false"></property>
              <property name="LabelFilter" value=""></property>
              <property name="FocusStrings" value=""></property>
              <property name="SkipStrings" value=""></property>
              <property name="FocusFiles" value=""></property>
              <property name="SkipFiles" value=""></property>
              <property name="FailOnPending" value="false"></property>
              <property name="FailOnEmpty" value="false"></property>
              <property name="FailFast" value="false"></property>
              <property name="FlakeAttempts" value="0"></property>
              <property name="DryRun" value="false"></property>
              <property name="ParallelTotal" value="1"></property>
              <property name="OutputInterceptorMode" value=""></property>
          </properties>
          <testcase name="[It] Document Collaboration when User requests a document must return current state of the document" classname="Collaboration Service Suite" status="passed" time="0.002710084">
              <system-err>&gt; Enter [BeforeEach] Document Collaboration - /Users/delarian/dev/ginkgo-example-document-collaboration/test/collaboration_service_test.go:53 @ 10/27/24 12:11:24.696&#xA;&lt; Exit [BeforeEach] Document Collaboration - /Users/delarian/dev/ginkgo-example-document-collaboration/test/collaboration_service_test.go:53 @ 10/27/24 12:11:24.697 (1ms)&#xA;&gt; Enter [It] must return current state of the document - /Users/delarian/dev/ginkgo-example-document-collaboration/test/collaboration_service_test.go:72 @ 10/27/24 12:11:24.697&#xA;&lt; Exit [It] must return current state of the document - /Users/delarian/dev/ginkgo-example-document-collaboration/test/collaboration_service_test.go:72 @ 10/27/24 12:11:24.699 (2ms)&#xA;&gt; Enter [AfterEach] Document Collaboration - /Users/delarian/dev/ginkgo-example-document-collaboration/test/collaboration_service_test.go:66 @ 10/27/24 12:11:24.699&#xA;&lt; Exit [AfterEach] Document Collaboration - /Users/delarian/dev/ginkgo-example-document-collaboration/test/collaboration_service_test.go:66 @ 10/27/24 12:11:24.699 (0s)&#xA;</system-err>
          </testcase>
          <testcase name="[It] Document Collaboration when User sends edits to the document must be processed successfully" classname="Collaboration Service Suite" status="passed" time="0.00107275">
              <system-err>&gt; Enter [BeforeEach] Document Collaboration - /Users/delarian/dev/ginkgo-example-document-collaboration/test/collaboration_service_test.go:53 @ 10/27/24 12:11:24.699&#xA;&lt; Exit [BeforeEach] Document Collaboration - /Users/delarian/dev/ginkgo-example-document-collaboration/test/collaboration_service_test.go:53 @ 10/27/24 12:11:24.699 (0s)&#xA;&gt; Enter [It] must be processed successfully - /Users/delarian/dev/ginkgo-example-document-collaboration/test/collaboration_service_test.go:83 @ 10/27/24 12:11:24.699&#xA;&lt; Exit [It] must be processed successfully - /Users/delarian/dev/ginkgo-example-document-collaboration/test/collaboration_service_test.go:83 @ 10/27/24 12:11:24.7 (1ms)&#xA;&gt; Enter [AfterEach] Document Collaboration - /Users/delarian/dev/ginkgo-example-document-collaboration/test/collaboration_service_test.go:66 @ 10/27/24 12:11:24.7&#xA;&lt; Exit [AfterEach] Document Collaboration - /Users/delarian/dev/ginkgo-example-document-collaboration/test/collaboration_service_test.go:66 @ 10/27/24 12:11:24.7 (0s)&#xA;</system-err>
          </testcase>
          <testcase name="[It] Document Collaboration when being subscribed to the document user must receive it&#39;s updates" classname="Collaboration Service Suite" status="passed" time="0.01142075">
              <system-err>&gt; Enter [BeforeEach] Document Collaboration - /Users/delarian/dev/ginkgo-example-document-collaboration/test/collaboration_service_test.go:53 @ 10/27/24 12:11:24.7&#xA;&lt; Exit [BeforeEach] Document Collaboration - /Users/delarian/dev/ginkgo-example-document-collaboration/test/collaboration_service_test.go:53 @ 10/27/24 12:11:24.7 (0s)&#xA;&gt; Enter [It] user must receive it&#39;s updates - /Users/delarian/dev/ginkgo-example-document-collaboration/test/collaboration_service_test.go:105 @ 10/27/24 12:11:24.7&#xA;STEP: first client is subscribing to the document - /Users/delarian/dev/ginkgo-example-document-collaboration/test/collaboration_service_test.go:109 @ 10/27/24 12:11:24.7&#xA;END STEP: first client is subscribing to the document - /Users/delarian/dev/ginkgo-example-document-collaboration/test/collaboration_service_test.go:109 @ 10/27/24 12:11:24.701 (0s)&#xA;STEP: first client try to receive the update from the stream - /Users/delarian/dev/ginkgo-example-document-collaboration/test/collaboration_service_test.go:124 @ 10/27/24 12:11:24.701&#xA;END STEP: first client try to receive the update from the stream - /Users/delarian/dev/ginkgo-example-document-collaboration/test/collaboration_service_test.go:124 @ 10/27/24 12:11:24.701 (0s)&#xA;STEP: another client send an edit - /Users/delarian/dev/ginkgo-example-document-collaboration/test/collaboration_service_test.go:136 @ 10/27/24 12:11:24.711&#xA;END STEP: another client send an edit - /Users/delarian/dev/ginkgo-example-document-collaboration/test/collaboration_service_test.go:136 @ 10/27/24 12:11:24.712 (0s)&#xA;STEP: first client has received the update - /Users/delarian/dev/ginkgo-example-document-collaboration/test/collaboration_service_test.go:155 @ 10/27/24 12:11:24.712&#xA;END STEP: first client has received the update - /Users/delarian/dev/ginkgo-example-document-collaboration/test/collaboration_service_test.go:155 @ 10/27/24 12:11:24.712 (0s)&#xA;&lt; Exit [It] user must receive it&#39;s updates - /Users/delarian/dev/ginkgo-example-document-collaboration/test/collaboration_service_test.go:105 @ 10/27/24 12:11:24.712 (11ms)&#xA;&gt; Enter [AfterEach] Document Collaboration - /Users/delarian/dev/ginkgo-example-document-collaboration/test/collaboration_service_test.go:66 @ 10/27/24 12:11:24.712&#xA;&lt; Exit [AfterEach] Document Collaboration - /Users/delarian/dev/ginkgo-example-document-collaboration/test/collaboration_service_test.go:66 @ 10/27/24 12:11:24.712 (0s)&#xA;</system-err>
          </testcase>
      </testsuite>
  </testsuites>